[2017-09-07 19:23:47] Текст ошибки: Контроллер app\controllers\admin\MainController не найден | Файл: D:\WebServer\domains\ishop2.loc\vendor\ishop\core\Router.php | Строка: 36
=================
[2017-09-07 19:23:47] Текст ошибки: Страница не найдена | Файл: D:\WebServer\domains\ishop2.loc\vendor\ishop\core\Router.php | Строка: 39
=================
[2017-09-07 19:23:47] Текст ошибки: Страница не найдена | Файл: D:\WebServer\domains\ishop2.loc\vendor\ishop\core\Router.php | Строка: 39
=================
[2017-09-07 19:26:12] Текст ошибки: Контроллер app\controllers\admin\MainController не найден | Файл: D:\WebServer\domains\ishop2.loc\vendor\ishop\core\Router.php | Строка: 36
=================
[2017-09-07 19:44:08] Текст ошибки: Страница не найдена | Файл: D:\WebServer\domains\ishop2.loc\vendor\ishop\core\Router.php | Строка: 39
=================
[2017-09-07 19:44:08] Текст ошибки: Страница не найдена | Файл: D:\WebServer\domains\ishop2.loc\vendor\ishop\core\Router.php | Строка: 39
=================
[2017-09-07 19:44:08] Текст ошибки: Страница не найдена | Файл: D:\WebServer\domains\ishop2.loc\vendor\ishop\core\Router.php | Строка: 39
=================
[2017-09-07 19:44:08] Текст ошибки: Страница не найдена | Файл: D:\WebServer\domains\ishop2.loc\vendor\ishop\core\Router.php | Строка: 39
=================
[2017-09-07 19:44:08] Текст ошибки: Страница не найдена | Файл: D:\WebServer\domains\ishop2.loc\vendor\ishop\core\Router.php | Строка: 39
=================
[2017-09-07 19:44:08] Текст ошибки: Страница не найдена | Файл: D:\WebServer\domains\ishop2.loc\vendor\ishop\core\Router.php | Строка: 39
=================
[2017-09-07 19:44:08] Текст ошибки: Страница не найдена | Файл: D:\WebServer\domains\ishop2.loc\vendor\ishop\core\Router.php | Строка: 39
=================
[2017-09-07 19:44:08] Текст ошибки: Страница не найдена | Файл: D:\WebServer\domains\ishop2.loc\vendor\ishop\core\Router.php | Строка: 39
=================
[2017-09-07 19:44:08] Текст ошибки: Страница не найдена | Файл: D:\WebServer\domains\ishop2.loc\vendor\ishop\core\Router.php | Строка: 39
=================
[2017-09-07 19:44:08] Текст ошибки: Страница не найдена | Файл: D:\WebServer\domains\ishop2.loc\vendor\ishop\core\Router.php | Строка: 39
=================
[2017-09-07 19:44:08] Текст ошибки: Страница не найдена | Файл: D:\WebServer\domains\ishop2.loc\vendor\ishop\core\Router.php | Строка: 39
=================
[2017-09-07 19:44:08] Текст ошибки: Страница не найдена | Файл: D:\WebServer\domains\ishop2.loc\vendor\ishop\core\Router.php | Строка: 39
=================
[2017-09-07 19:44:08] Текст ошибки: Страница не найдена | Файл: D:\WebServer\domains\ishop2.loc\vendor\ishop\core\Router.php | Строка: 39
=================
[2017-09-07 19:44:08] Текст ошибки: Страница не найдена | Файл: D:\WebServer\domains\ishop2.loc\vendor\ishop\core\Router.php | Строка: 39
=================
[2017-09-07 19:44:08] Текст ошибки: Страница не найдена | Файл: D:\WebServer\domains\ishop2.loc\vendor\ishop\core\Router.php | Строка: 39
=================
[2017-09-07 19:44:08] Текст ошибки: Страница не найдена | Файл: D:\WebServer\domains\ishop2.loc\vendor\ishop\core\Router.php | Строка: 39
=================
[2017-09-07 19:44:08] Текст ошибки: Страница не найдена | Файл: D:\WebServer\domains\ishop2.loc\vendor\ishop\core\Router.php | Строка: 39
=================
[2017-09-07 19:44:08] Текст ошибки: Страница не найдена | Файл: D:\WebServer\domains\ishop2.loc\vendor\ishop\core\Router.php | Строка: 39
=================
[2017-09-07 19:44:08] Текст ошибки: Страница не найдена | Файл: D:\WebServer\domains\ishop2.loc\vendor\ishop\core\Router.php | Строка: 39
=================
[2017-09-07 19:44:08] Текст ошибки: Страница не найдена | Файл: D:\WebServer\domains\ishop2.loc\vendor\ishop\core\Router.php | Строка: 39
=================
[2017-09-07 19:44:08] Текст ошибки: Страница не найдена | Файл: D:\WebServer\domains\ishop2.loc\vendor\ishop\core\Router.php | Строка: 39
=================
[2017-09-07 19:44:08] Текст ошибки: Страница не найдена | Файл: D:\WebServer\domains\ishop2.loc\vendor\ishop\core\Router.php | Строка: 39
=================
[2017-09-07 19:44:08] Текст ошибки: Страница не найдена | Файл: D:\WebServer\domains\ishop2.loc\vendor\ishop\core\Router.php | Строка: 39
=================
[2017-09-07 19:44:08] Текст ошибки: Страница не найдена | Файл: D:\WebServer\domains\ishop2.loc\vendor\ishop\core\Router.php | Строка: 39
=================
[2017-09-07 19:44:08] Текст ошибки: Страница не найдена | Файл: D:\WebServer\domains\ishop2.loc\vendor\ishop\core\Router.php | Строка: 39
=================
[2017-09-07 19:44:08] Текст ошибки: Страница не найдена | Файл: D:\WebServer\domains\ishop2.loc\vendor\ishop\core\Router.php | Строка: 39
=================
[2017-09-07 19:44:08] Текст ошибки: Страница не найдена | Файл: D:\WebServer\domains\ishop2.loc\vendor\ishop\core\Router.php | Строка: 39
=================
[2017-09-07 19:44:08] Текст ошибки: Страница не найдена | Файл: D:\WebServer\domains\ishop2.loc\vendor\ishop\core\Router.php | Строка: 39
=================
[2017-09-07 19:44:08] Текст ошибки: Страница не найдена | Файл: D:\WebServer\domains\ishop2.loc\vendor\ishop\core\Router.php | Строка: 39
=================
[2017-09-07 19:44:08] Текст ошибки: Страница не найдена | Файл: D:\WebServer\domains\ishop2.loc\vendor\ishop\core\Router.php | Строка: 39
=================
[2017-09-07 19:44:08] Текст ошибки: Страница не найдена | Файл: D:\WebServer\domains\ishop2.loc\vendor\ishop\core\Router.php | Строка: 39
=================
[2017-09-07 19:44:08] Текст ошибки: Страница не найдена | Файл: D:\WebServer\domains\ishop2.loc\vendor\ishop\core\Router.php | Строка: 39
=================
[2017-09-07 19:44:08] Текст ошибки: Страница не найдена | Файл: D:\WebServer\domains\ishop2.loc\vendor\ishop\core\Router.php | Строка: 39
=================
[2017-09-07 19:44:08] Текст ошибки: Страница не найдена | Файл: D:\WebServer\domains\ishop2.loc\vendor\ishop\core\Router.php | Строка: 39
=================
[2017-09-07 19:44:08] Текст ошибки: Страница не найдена | Файл: D:\WebServer\domains\ishop2.loc\vendor\ishop\core\Router.php | Строка: 39
=================
[2017-09-07 19:44:08] Текст ошибки: Страница не найдена | Файл: D:\WebServer\domains\ishop2.loc\vendor\ishop\core\Router.php | Строка: 39
=================
[2017-09-07 19:44:08] Текст ошибки: Страница не найдена | Файл: D:\WebServer\domains\ishop2.loc\vendor\ishop\core\Router.php | Строка: 39
=================
[2017-09-07 19:44:08] Текст ошибки: Страница не найдена | Файл: D:\WebServer\domains\ishop2.loc\vendor\ishop\core\Router.php | Строка: 39
=================
[2017-09-07 19:44:08] Текст ошибки: Страница не найдена | Файл: D:\WebServer\domains\ishop2.loc\vendor\ishop\core\Router.php | Строка: 39
=================
[2017-09-07 19:44:08] Текст ошибки: Страница не найдена | Файл: D:\WebServer\domains\ishop2.loc\vendor\ishop\core\Router.php | Строка: 39
=================
[2017-09-07 19:44:08] Текст ошибки: Страница не найдена | Файл: D:\WebServer\domains\ishop2.loc\vendor\ishop\core\Router.php | Строка: 39
=================
[2017-09-07 19:44:08] Текст ошибки: Страница не найдена | Файл: D:\WebServer\domains\ishop2.loc\vendor\ishop\core\Router.php | Строка: 39
=================
[2017-09-07 19:44:08] Текст ошибки: Страница не найдена | Файл: D:\WebServer\domains\ishop2.loc\vendor\ishop\core\Router.php | Строка: 39
=================
[2017-09-07 19:44:08] Текст ошибки: Страница не найдена | Файл: D:\WebServer\domains\ishop2.loc\vendor\ishop\core\Router.php | Строка: 39
=================
[2017-09-07 19:44:08] Текст ошибки: Страница не найдена | Файл: D:\WebServer\domains\ishop2.loc\vendor\ishop\core\Router.php | Строка: 39
=================
[2017-09-07 19:44:09] Текст ошибки: Страница не найдена | Файл: D:\WebServer\domains\ishop2.loc\vendor\ishop\core\Router.php | Строка: 39
=================
[2017-09-07 19:44:09] Текст ошибки: Страница не найдена | Файл: D:\WebServer\domains\ishop2.loc\vendor\ishop\core\Router.php | Строка: 39
=================
[2017-09-07 19:44:09] Текст ошибки: Страница не найдена | Файл: D:\WebServer\domains\ishop2.loc\vendor\ishop\core\Router.php | Строка: 39
=================
[2017-09-09 08:25:55] Текст ошибки: Страница не найдена | Файл: D:\WebServer\domains\ishop2.loc\vendor\ishop\core\Router.php | Строка: 39
=================
[2017-09-09 08:25:55] Текст ошибки: Страница не найдена | Файл: D:\WebServer\domains\ishop2.loc\vendor\ishop\core\Router.php | Строка: 39
=================
[2017-09-09 08:29:04] Текст ошибки: Страница не найдена | Файл: D:\WebServer\domains\ishop2.loc\vendor\ishop\core\Router.php | Строка: 39
=================
[2017-09-09 08:53:54] Текст ошибки: Страница не найдена | Файл: D:\WebServer\domains\ishop2.loc\vendor\ishop\core\Router.php | Строка: 39
=================
[2017-09-09 08:53:54] Текст ошибки: Страница не найдена | Файл: D:\WebServer\domains\ishop2.loc\vendor\ishop\core\Router.php | Строка: 39
=================
[2017-09-09 08:53:54] Текст ошибки: Страница не найдена | Файл: D:\WebServer\domains\ishop2.loc\vendor\ishop\core\Router.php | Строка: 39
=================
[2017-09-09 08:53:54] Текст ошибки: Страница не найдена | Файл: D:\WebServer\domains\ishop2.loc\vendor\ishop\core\Router.php | Строка: 39
=================
[2017-09-09 08:53:54] Текст ошибки: Страница не найдена | Файл: D:\WebServer\domains\ishop2.loc\vendor\ishop\core\Router.php | Строка: 39
=================
[2017-09-09 08:55:43] Текст ошибки: Страница не найдена | Файл: D:\WebServer\domains\ishop2.loc\vendor\ishop\core\Router.php | Строка: 39
=================
[2017-09-09 08:55:43] Текст ошибки: Страница не найдена | Файл: D:\WebServer\domains\ishop2.loc\vendor\ishop\core\Router.php | Строка: 39
=================
[2017-09-09 08:55:43] Текст ошибки: Страница не найдена | Файл: D:\WebServer\domains\ishop2.loc\vendor\ishop\core\Router.php | Строка: 39
=================
[2017-09-09 08:55:43] Текст ошибки: Страница не найдена | Файл: D:\WebServer\domains\ishop2.loc\vendor\ishop\core\Router.php | Строка: 39
=================
[2017-09-09 08:55:44] Текст ошибки: Страница не найдена | Файл: D:\WebServer\domains\ishop2.loc\vendor\ishop\core\Router.php | Строка: 39
=================
[2017-09-09 09:05:33] Текст ошибки: Контроллер app\controllers\admin\OrderController не найден | Файл: D:\WebServer\domains\ishop2.loc\vendor\ishop\core\Router.php | Строка: 36
=================
[2017-09-09 09:17:47] Текст ошибки: Контроллер app\controllers\admin\OrderController не найден | Файл: D:\WebServer\domains\ishop2.loc\vendor\ishop\core\Router.php | Строка: 36
=================
[2017-09-09 09:17:53] Текст ошибки: Контроллер app\controllers\admin\OrderController не найден | Файл: D:\WebServer\domains\ishop2.loc\vendor\ishop\core\Router.php | Строка: 36
=================
[2017-09-09 11:34:53] Текст ошибки: Страница не найдена | Файл: D:\WebServer\domains\ishop2.loc\vendor\ishop\core\Router.php | Строка: 39
=================
[2017-09-09 11:34:53] Текст ошибки: Страница не найдена | Файл: D:\WebServer\domains\ishop2.loc\vendor\ishop\core\Router.php | Строка: 39
=================
[2017-09-09 11:36:56] Текст ошибки: Метод app\controllers\admin\OrderController::viewAction не найден | Файл: D:\WebServer\domains\ishop2.loc\vendor\ishop\core\Router.php | Строка: 33
=================
[2017-09-09 11:42:31] Текст ошибки: Страница не найдена | Файл: D:\WebServer\domains\ishop2.loc\app\controllers\admin\AppController.php | Строка: 29
=================
[2017-09-09 12:28:34] Текст ошибки: Метод app\controllers\admin\OrderController::deleteAction не найден | Файл: D:\WebServer\domains\ishop2.loc\vendor\ishop\core\Router.php | Строка: 33
=================
[2017-09-09 14:04:55] Текст ошибки: Страница не найдена | Файл: D:\WebServer\domains\ishop2.loc\vendor\ishop\core\Router.php | Строка: 39
=================
[2017-09-09 14:04:55] Текст ошибки: Страница не найдена | Файл: D:\WebServer\domains\ishop2.loc\vendor\ishop\core\Router.php | Строка: 39
=================
[2017-09-09 15:37:39] Текст ошибки: Страница не найдена | Файл: D:\WebServer\domains\ishop2.loc\vendor\ishop\core\Router.php | Строка: 39
=================
[2017-09-09 15:37:39] Текст ошибки: Страница не найдена | Файл: D:\WebServer\domains\ishop2.loc\vendor\ishop\core\Router.php | Строка: 39
=================
[2017-09-10 08:58:27] Текст ошибки: Страница не найдена | Файл: D:\WebServer\domains\ishop2.loc\vendor\ishop\core\Router.php | Строка: 39
=================
[2017-09-10 08:58:27] Текст ошибки: Страница не найдена | Файл: D:\WebServer\domains\ishop2.loc\vendor\ishop\core\Router.php | Строка: 39
=================
[2017-09-10 09:55:00] Текст ошибки: SQLSTATE[42000]: Syntax error or access violation: 1064 You have an error in your SQL syntax; check the manual that corresponds to your MySQL server version for the right syntax to use near '(SUM(`order_product`.`price`), 2) AS `sum` FROM `order`
  JOIN `order_product` ' at line 1 | Файл: D:\WebServer\domains\ishop2.loc\vendor\gabordemooij\redbean\RedBeanPHP\Driver\RPDO.php | Строка: 186
=================
[2017-09-10 11:39:55] Текст ошибки: Страница не найдена | Файл: D:\WebServer\domains\ishop2.loc\vendor\ishop\core\Router.php | Строка: 39
=================
[2017-09-10 15:34:36] Текст ошибки: Страница не найдена | Файл: D:\WebServer\domains\ishop2.loc\vendor\ishop\core\Router.php | Строка: 39
=================
[2017-09-10 15:34:36] Текст ошибки: Страница не найдена | Файл: D:\WebServer\domains\ishop2.loc\vendor\ishop\core\Router.php | Строка: 39
=================
[2017-09-11 18:56:22] Текст ошибки: Страница не найдена | Файл: D:\WebServer\domains\ishop2.loc\vendor\ishop\core\Router.php | Строка: 39
=================
[2017-09-11 19:01:40] Текст ошибки: SQLSTATE[23000]: Integrity constraint violation: 1062 Duplicate entry '' for key 'alias' | Файл: D:\WebServer\domains\ishop2.loc\vendor\gabordemooij\redbean\RedBeanPHP\Driver\RPDO.php | Строка: 186
=================
[2017-09-11 19:18:45] Текст ошибки: Страница не найдена | Файл: D:\WebServer\domains\ishop2.loc\vendor\ishop\core\Router.php | Строка: 39
=================
[2017-09-11 19:46:18] Текст ошибки: Страница не найдена | Файл: D:\WebServer\domains\ishop2.loc\vendor\ishop\core\Router.php | Строка: 39
=================
[2017-09-12 19:13:23] Текст ошибки: Страница не найдена | Файл: D:\WebServer\domains\ishop2.loc\vendor\ishop\core\Router.php | Строка: 39
=================
[2017-09-12 19:13:24] Текст ошибки: Страница не найдена | Файл: D:\WebServer\domains\ishop2.loc\vendor\ishop\core\Router.php | Строка: 39
=================
[2017-09-12 19:34:52] Текст ошибки: Метод app\controllers\admin\ProductController::relatedProductAction не найден | Файл: D:\WebServer\domains\ishop2.loc\vendor\ishop\core\Router.php | Строка: 33
=================
[2017-09-12 19:36:37] Текст ошибки: Метод app\controllers\admin\ProductController::relatedProductAction не найден | Файл: D:\WebServer\domains\ishop2.loc\vendor\ishop\core\Router.php | Строка: 33
=================
[2017-09-12 19:36:40] Текст ошибки: Метод app\controllers\admin\ProductController::relatedProductAction не найден | Файл: D:\WebServer\domains\ishop2.loc\vendor\ishop\core\Router.php | Строка: 33
=================
[2017-09-12 19:36:49] Текст ошибки: Метод app\controllers\admin\ProductController::relatedProductAction не найден | Файл: D:\WebServer\domains\ishop2.loc\vendor\ishop\core\Router.php | Строка: 33
=================
[2017-09-12 19:37:08] Текст ошибки: Метод app\controllers\admin\ProductController::relatedProductAction не найден | Файл: D:\WebServer\domains\ishop2.loc\vendor\ishop\core\Router.php | Строка: 33
=================
[2017-09-12 19:37:21] Текст ошибки: Метод app\controllers\admin\ProductController::relatedProductAction не найден | Файл: D:\WebServer\domains\ishop2.loc\vendor\ishop\core\Router.php | Строка: 33
=================
[2017-09-12 19:37:42] Текст ошибки: Метод app\controllers\admin\ProductController::relatedProductAction не найден | Файл: D:\WebServer\domains\ishop2.loc\vendor\ishop\core\Router.php | Строка: 33
=================
[2017-09-13 18:35:25] Текст ошибки: Страница не найдена | Файл: D:\WebServer\domains\ishop2.loc\vendor\ishop\core\Router.php | Строка: 39
=================
[2017-09-13 18:35:25] Текст ошибки: Страница не найдена | Файл: D:\WebServer\domains\ishop2.loc\vendor\ishop\core\Router.php | Строка: 39
=================
[2017-09-13 19:00:45] Текст ошибки: Страница не найдена | Файл: D:\WebServer\domains\ishop2.loc\vendor\ishop\core\Router.php | Строка: 39
=================
[2017-09-13 19:00:45] Текст ошибки: Страница не найдена | Файл: D:\WebServer\domains\ishop2.loc\vendor\ishop\core\Router.php | Строка: 39
=================
[2017-09-13 19:00:45] Текст ошибки: Страница не найдена | Файл: D:\WebServer\domains\ishop2.loc\vendor\ishop\core\Router.php | Строка: 39
=================
[2017-09-13 19:00:45] Текст ошибки: Страница не найдена | Файл: D:\WebServer\domains\ishop2.loc\vendor\ishop\core\Router.php | Строка: 39
=================
[2017-09-13 19:00:45] Текст ошибки: Страница не найдена | Файл: D:\WebServer\domains\ishop2.loc\vendor\ishop\core\Router.php | Строка: 39
=================
[2017-09-13 19:00:45] Текст ошибки: Страница не найдена | Файл: D:\WebServer\domains\ishop2.loc\vendor\ishop\core\Router.php | Строка: 39
=================
[2017-09-13 19:00:45] Текст ошибки: Страница не найдена | Файл: D:\WebServer\domains\ishop2.loc\vendor\ishop\core\Router.php | Строка: 39
=================
[2017-09-13 19:00:45] Текст ошибки: Страница не найдена | Файл: D:\WebServer\domains\ishop2.loc\vendor\ishop\core\Router.php | Строка: 39
=================
[2017-09-13 19:05:22] Текст ошибки: Метод app\controllers\admin\ProductController::addImageAction не найден | Файл: D:\WebServer\domains\ishop2.loc\vendor\ishop\core\Router.php | Строка: 33
=================
[2017-09-13 19:05:53] Текст ошибки: Метод app\controllers\admin\ProductController::addImageAction не найден | Файл: D:\WebServer\domains\ishop2.loc\vendor\ishop\core\Router.php | Строка: 33
=================
[2017-09-13 19:07:33] Текст ошибки: На найден вид D:\WebServer\domains\ishop2.loc/app/views/admin\Product/add-image.php | Файл: D:\WebServer\domains\ishop2.loc\vendor\ishop\core\base\View.php | Строка: 38
=================
[2017-09-16 11:06:59] Текст ошибки: Страница не найдена | Файл: D:\WebServer\domains\ishop2.loc\vendor\ishop\core\Router.php | Строка: 39
=================
[2017-09-16 11:06:59] Текст ошибки: Страница не найдена | Файл: D:\WebServer\domains\ishop2.loc\vendor\ishop\core\Router.php | Строка: 39
=================
[2017-09-16 11:59:22] Текст ошибки: Страница не найдена | Файл: D:\WebServer\domains\ishop2.loc\app\controllers\admin\AppController.php | Строка: 29
=================
[2017-09-16 11:59:51] Текст ошибки: Страница не найдена | Файл: D:\WebServer\domains\ishop2.loc\app\controllers\admin\AppController.php | Строка: 29
=================
[2017-09-16 12:17:25] Текст ошибки: Страница не найдена | Файл: D:\WebServer\domains\ishop2.loc\app\controllers\ProductController.php | Строка: 14
=================
[2017-09-16 12:17:29] Текст ошибки: Страница не найдена | Файл: D:\WebServer\domains\ishop2.loc\app\controllers\ProductController.php | Строка: 14
=================
[2017-09-16 12:17:58] Текст ошибки: Страница не найдена | Файл: D:\WebServer\domains\ishop2.loc\app\controllers\ProductController.php | Строка: 14
=================
[2017-09-16 12:33:58] Текст ошибки: Страница не найдена | Файл: D:\WebServer\domains\ishop2.loc\app\controllers\ProductController.php | Строка: 14
=================
[2017-09-16 12:34:10] Текст ошибки: Страница не найдена | Файл: D:\WebServer\domains\ishop2.loc\app\controllers\ProductController.php | Строка: 14
=================
[2017-09-16 14:33:17] Текст ошибки: Страница не найдена | Файл: D:\WebServer\domains\ishop2.loc\vendor\ishop\core\Router.php | Строка: 39
=================
[2017-09-16 14:33:17] Текст ошибки: Страница не найдена | Файл: D:\WebServer\domains\ishop2.loc\vendor\ishop\core\Router.php | Строка: 39
=================
[2017-09-16 15:00:10] Текст ошибки: Invalid type: attribute_group | Файл: D:\WebServer\domains\ishop2.loc\vendor\gabordemooij\redbean\RedBeanPHP\Util\DispenseHelper.php | Строка: 37
=================
[2017-09-16 15:06:26] Текст ошибки: Plugin 'xdispense' does not exist, add this plugin using: R::ext('xdispense') | Файл: D:\WebServer\domains\ishop2.loc\vendor\gabordemooij\redbean\RedBeanPHP\Facade.php | Строка: 2004
=================
[2017-09-16 15:12:41] Текст ошибки: На найден вид D:\WebServer\domains\ishop2.loc/app/views/admin\Filter/attribute.php | Файл: D:\WebServer\domains\ishop2.loc\vendor\ishop\core\base\View.php | Строка: 38
=================
[2017-09-16 15:12:47] Текст ошибки: На найден вид D:\WebServer\domains\ishop2.loc/app/views/admin\Filter/attribute.php | Файл: D:\WebServer\domains\ishop2.loc\vendor\ishop\core\base\View.php | Строка: 38
=================
[2017-09-16 18:15:24] Текст ошибки: Страница не найдена | Файл: D:\WebServer\domains\ishop2.loc\vendor\ishop\core\Router.php | Строка: 39
=================
[2017-09-16 18:47:39] Текст ошибки: Метод app\controllers\admin\ProductController::deleteAction не найден | Файл: D:\WebServer\domains\ishop2.loc\vendor\ishop\core\Router.php | Строка: 33
=================
[2020-11-04 20:04:32] Текст ошибки: Страница не найдена | Файл: D:\DLMNT\OpenServer\OSPanel\domains\ishop2.loc\vendor\ishop\core\Router.php | Строка: 43
=================
[2020-11-04 20:04:32] Текст ошибки: Страница не найдена | Файл: D:\DLMNT\OpenServer\OSPanel\domains\ishop2.loc\vendor\ishop\core\Router.php | Строка: 43
=================
[2020-11-04 20:05:34] Текст ошибки: Страница не найдена | Файл: D:\DLMNT\OpenServer\OSPanel\domains\ishop2.loc\vendor\ishop\core\Router.php | Строка: 43
=================
[2020-11-04 20:07:28] Текст ошибки: Страница не найдена | Файл: D:\DLMNT\OpenServer\OSPanel\domains\ishop2.loc\vendor\ishop\core\Router.php | Строка: 43
=================
[2020-11-04 20:09:22] Текст ошибки: Страница не найдена | Файл: D:\DLMNT\OpenServer\OSPanel\domains\ishop2.loc\vendor\ishop\core\Router.php | Строка: 43
=================
[2020-11-04 20:14:28] Текст ошибки: Call to a member function grep() on null | Файл: D:\DLMNT\OpenServer\OSPanel\domains\ishop2.loc\app\views\layouts\watches.php | Строка: 284
=================
[2020-11-04 20:14:34] Текст ошибки: Call to a member function grep() on null | Файл: D:\DLMNT\OpenServer\OSPanel\domains\ishop2.loc\app\views\layouts\watches.php | Строка: 284
=================
[2020-11-04 20:18:37] Текст ошибки: Call to a member function grep() on null | Файл: D:\DLMNT\OpenServer\OSPanel\domains\ishop2.loc\app\views\layouts\watches.php | Строка: 284
=================
[2020-11-04 20:21:12] Текст ошибки: Call to a member function grep() on null | Файл: D:\DLMNT\OpenServer\OSPanel\domains\ishop2.loc\app\views\layouts\watches.php | Строка: 284
=================
[2020-11-04 20:22:10] Текст ошибки: Call to a member function grep() on null | Файл: D:\DLMNT\OpenServer\OSPanel\domains\ishop2.loc\app\views\layouts\watches.php | Строка: 284
=================
[2020-11-04 20:24:23] Текст ошибки: Call to a member function grep() on null | Файл: D:\DLMNT\OpenServer\OSPanel\domains\ishop2.loc\app\views\layouts\watches.php | Строка: 284
=================
[2020-11-04 20:24:30] Текст ошибки: Call to a member function grep() on null | Файл: D:\DLMNT\OpenServer\OSPanel\domains\ishop2.loc\app\views\layouts\watches.php | Строка: 284
=================
[2020-11-04 20:26:32] Текст ошибки: Call to a member function grep() on null | Файл: D:\DLMNT\OpenServer\OSPanel\domains\ishop2.loc\app\views\layouts\watches.php | Строка: 284
=================
[2020-11-04 20:27:01] Текст ошибки: Call to a member function grep() on null | Файл: D:\DLMNT\OpenServer\OSPanel\domains\ishop2.loc\app\views\layouts\watches.php | Строка: 284
=================
[2020-11-04 20:27:23] Текст ошибки: Call to a member function grep() on null | Файл: D:\DLMNT\OpenServer\OSPanel\domains\ishop2.loc\app\views\layouts\watches.php | Строка: 284
=================
[2020-11-04 20:27:27] Текст ошибки: Call to a member function grep() on null | Файл: D:\DLMNT\OpenServer\OSPanel\domains\ishop2.loc\app\views\layouts\watches.php | Строка: 284
=================
[2020-11-04 20:27:43] Текст ошибки: Call to a member function grep() on null | Файл: D:\DLMNT\OpenServer\OSPanel\domains\ishop2.loc\app\views\layouts\watches.php | Строка: 284
=================
[2020-11-04 20:38:36] Текст ошибки: Call to a member function grep() on null | Файл: D:\DLMNT\OpenServer\OSPanel\domains\ishop2.loc\app\views\layouts\watches.php | Строка: 284
=================
[2020-11-04 20:39:02] Текст ошибки: Call to a member function grep() on null | Файл: D:\DLMNT\OpenServer\OSPanel\domains\ishop2.loc\app\views\layouts\watches.php | Строка: 284
=================
[2020-11-04 20:39:03] Текст ошибки: Call to a member function grep() on null | Файл: D:\DLMNT\OpenServer\OSPanel\domains\ishop2.loc\app\views\layouts\watches.php | Строка: 284
=================
[2020-11-04 20:41:30] Текст ошибки: Call to a member function grep() on null | Файл: D:\DLMNT\OpenServer\OSPanel\domains\ishop2.loc\app\views\layouts\watches.php | Строка: 284
=================
[2020-11-04 20:48:21] Текст ошибки: Call to a member function grep() on null | Файл: D:\DLMNT\OpenServer\OSPanel\domains\ishop2.loc\app\views\layouts\watches.php | Строка: 284
=================
[2020-11-04 20:52:01] Текст ошибки: Call to a member function grep() on null | Файл: D:\DLMNT\OpenServer\OSPanel\domains\ishop2.loc\app\views\layouts\watches.php | Строка: 284
=================
[2020-11-04 20:52:10] Текст ошибки: Call to a member function grep() on null | Файл: D:\DLMNT\OpenServer\OSPanel\domains\ishop2.loc\app\views\layouts\watches.php | Строка: 284
=================
[2020-11-04 20:53:44] Текст ошибки: Call to a member function grep() on null | Файл: D:\DLMNT\OpenServer\OSPanel\domains\ishop2.loc\app\views\layouts\watches.php | Строка: 284
=================
[2020-11-04 20:55:24] Текст ошибки: Call to a member function grep() on null | Файл: D:\DLMNT\OpenServer\OSPanel\domains\ishop2.loc\app\views\layouts\watches.php | Строка: 284
=================
[2020-11-04 20:56:23] Текст ошибки: Страница не найдена | Файл: D:\DLMNT\OpenServer\OSPanel\domains\ishop2.loc\app\controllers\CategoryController.php | Строка: 17
=================
[2020-11-04 20:56:23] Текст ошибки: Страница не найдена | Файл: D:\DLMNT\OpenServer\OSPanel\domains\ishop2.loc\vendor\ishop\core\Router.php | Строка: 43
=================
[2020-11-04 21:01:52] Текст ошибки: Call to a member function grep() on null | Файл: D:\DLMNT\OpenServer\OSPanel\domains\ishop2.loc\app\views\layouts\watches.php | Строка: 284
=================
[2020-11-04 21:12:11] Текст ошибки: Call to a member function grep() on null | Файл: D:\DLMNT\OpenServer\OSPanel\domains\ishop2.loc\app\views\layouts\watches.php | Строка: 284
=================
[2020-11-04 21:12:16] Текст ошибки: Call to a member function grep() on null | Файл: D:\DLMNT\OpenServer\OSPanel\domains\ishop2.loc\app\views\layouts\watches.php | Строка: 284
=================
[2020-11-04 21:13:23] Текст ошибки: Call to a member function grep() on null | Файл: D:\DLMNT\OpenServer\OSPanel\domains\ishop2.loc\app\views\layouts\watches.php | Строка: 284
=================
[2020-11-04 21:13:48] Текст ошибки: Call to a member function grep() on null | Файл: D:\DLMNT\OpenServer\OSPanel\domains\ishop2.loc\app\views\layouts\watches.php | Строка: 284
=================
[2020-11-04 21:14:17] Текст ошибки: Call to a member function grep() on null | Файл: D:\DLMNT\OpenServer\OSPanel\domains\ishop2.loc\app\views\layouts\watches.php | Строка: 284
=================
[2020-11-04 21:14:31] Текст ошибки: Call to a member function grep() on null | Файл: D:\DLMNT\OpenServer\OSPanel\domains\ishop2.loc\app\views\layouts\watches.php | Строка: 284
=================
[2020-11-04 21:14:42] Текст ошибки: Call to a member function grep() on null | Файл: D:\DLMNT\OpenServer\OSPanel\domains\ishop2.loc\app\views\layouts\admin.php | Строка: 618
=================
[2020-11-04 21:15:17] Текст ошибки: Call to a member function grep() on null | Файл: D:\DLMNT\OpenServer\OSPanel\domains\ishop2.loc\app\views\layouts\admin.php | Строка: 618
=================
[2020-11-04 21:15:28] Текст ошибки: Call to a member function grep() on null | Файл: D:\DLMNT\OpenServer\OSPanel\domains\ishop2.loc\app\views\layouts\admin.php | Строка: 618
=================
[2020-11-04 21:21:56] Текст ошибки: Call to a member function grep() on null | Файл: D:\DLMNT\OpenServer\OSPanel\domains\ishop2.loc\app\views\layouts\admin.php | Строка: 618
=================
[2020-11-04 21:21:59] Текст ошибки: Страница не найдена | Файл: D:\DLMNT\OpenServer\OSPanel\domains\ishop2.loc\vendor\ishop\core\Router.php | Строка: 43
=================
[2020-11-04 21:22:05] Текст ошибки: Call to a member function grep() on null | Файл: D:\DLMNT\OpenServer\OSPanel\domains\ishop2.loc\app\views\layouts\watches.php | Строка: 284
=================
[2020-11-04 21:22:10] Текст ошибки: Call to a member function grep() on null | Файл: D:\DLMNT\OpenServer\OSPanel\domains\ishop2.loc\app\views\layouts\watches.php | Строка: 284
=================
[2020-11-04 21:26:21] Текст ошибки: Call to a member function grep() on null | Файл: D:\DLMNT\OpenServer\OSPanel\domains\ishop2.loc\app\views\layouts\watches.php | Строка: 284
=================
[2020-11-04 21:26:56] Текст ошибки: Call to a member function grep() on null | Файл: D:\DLMNT\OpenServer\OSPanel\domains\ishop2.loc\app\views\layouts\watches.php | Строка: 284
=================
[2020-11-04 21:27:13] Текст ошибки: Call to a member function grep() on null | Файл: D:\DLMNT\OpenServer\OSPanel\domains\ishop2.loc\app\views\layouts\watches.php | Строка: 284
=================
[2020-11-04 21:29:44] Текст ошибки: Call to a member function grep() on null | Файл: D:\DLMNT\OpenServer\OSPanel\domains\ishop2.loc\app\views\layouts\watches.php | Строка: 284
=================
[2020-11-04 21:30:11] Текст ошибки: Call to a member function grep() on null | Файл: D:\DLMNT\OpenServer\OSPanel\domains\ishop2.loc\app\views\layouts\watches.php | Строка: 284
=================
[2020-11-04 21:31:30] Текст ошибки: Call to a member function grep() on null | Файл: D:\DLMNT\OpenServer\OSPanel\domains\ishop2.loc\app\views\layouts\watches.php | Строка: 284
=================
[2020-11-04 21:35:36] Текст ошибки: Call to a member function grep() on null | Файл: D:\DLMNT\OpenServer\OSPanel\domains\ishop2.loc\app\views\layouts\watches.php | Строка: 284
=================
[2020-11-04 21:39:05] Текст ошибки: Call to a member function grep() on null | Файл: D:\DLMNT\OpenServer\OSPanel\domains\ishop2.loc\app\views\layouts\watches.php | Строка: 284
=================
[2020-11-04 21:43:40] Текст ошибки: Call to a member function grep() on null | Файл: D:\DLMNT\OpenServer\OSPanel\domains\ishop2.loc\app\views\layouts\watches.php | Строка: 284
=================
[2020-11-04 21:43:46] Текст ошибки: Call to a member function grep() on null | Файл: D:\DLMNT\OpenServer\OSPanel\domains\ishop2.loc\app\views\layouts\watches.php | Строка: 284
=================
[2020-11-04 21:43:58] Текст ошибки: Call to a member function grep() on null | Файл: D:\DLMNT\OpenServer\OSPanel\domains\ishop2.loc\app\views\layouts\watches.php | Строка: 284
=================
[2020-11-05 10:06:09] Текст ошибки: Call to a member function grep() on null | Файл: D:\DLMNT\OpenServer\OSPanel\domains\ishop2.loc\app\views\layouts\watches.php | Строка: 284
=================
[2020-11-05 10:06:15] Текст ошибки: Call to a member function grep() on null | Файл: D:\DLMNT\OpenServer\OSPanel\domains\ishop2.loc\app\views\layouts\watches.php | Строка: 284
=================
[2020-11-05 10:06:17] Текст ошибки: Call to a member function grep() on null | Файл: D:\DLMNT\OpenServer\OSPanel\domains\ishop2.loc\app\views\layouts\watches.php | Строка: 284
=================
[2020-11-05 10:13:52] Текст ошибки: Call to a member function grep() on null | Файл: D:\DLMNT\OpenServer\OSPanel\domains\ishop2.loc\app\views\layouts\watches.php | Строка: 284
=================
[2020-11-05 10:21:31] Текст ошибки: Call to a member function grep() on null | Файл: D:\DLMNT\OpenServer\OSPanel\domains\ishop2.loc\app\views\layouts\watches.php | Строка: 284
=================
[2020-11-05 10:22:23] Текст ошибки: Call to a member function grep() on null | Файл: D:\DLMNT\OpenServer\OSPanel\domains\ishop2.loc\app\views\layouts\watches.php | Строка: 284
=================
[2020-11-05 10:22:24] Текст ошибки: Call to a member function grep() on null | Файл: D:\DLMNT\OpenServer\OSPanel\domains\ishop2.loc\app\views\layouts\watches.php | Строка: 284
=================
[2020-11-05 10:22:26] Текст ошибки: Страница не найдена | Файл: D:\DLMNT\OpenServer\OSPanel\domains\ishop2.loc\vendor\ishop\core\Router.php | Строка: 43
=================
[2020-11-05 10:25:20] Текст ошибки: Call to a member function grep() on null | Файл: D:\DLMNT\OpenServer\OSPanel\domains\ishop2.loc\app\views\layouts\watches.php | Строка: 284
=================
[2020-11-05 10:32:24] Текст ошибки: Call to a member function grep() on null | Файл: D:\DLMNT\OpenServer\OSPanel\domains\ishop2.loc\app\views\layouts\watches.php | Строка: 284
=================
[2020-11-05 10:33:06] Текст ошибки: Call to a member function grep() on null | Файл: D:\DLMNT\OpenServer\OSPanel\domains\ishop2.loc\app\views\layouts\watches.php | Строка: 284
=================
[2020-11-05 10:33:37] Текст ошибки: Call to a member function grep() on null | Файл: D:\DLMNT\OpenServer\OSPanel\domains\ishop2.loc\app\views\layouts\watches.php | Строка: 284
=================
[2020-11-05 10:40:54] Текст ошибки: Call to a member function grep() on null | Файл: D:\DLMNT\OpenServer\OSPanel\domains\ishop2.loc\app\views\layouts\watches.php | Строка: 284
=================
[2020-11-05 10:41:36] Текст ошибки: Call to a member function grep() on null | Файл: D:\DLMNT\OpenServer\OSPanel\domains\ishop2.loc\app\views\layouts\watches.php | Строка: 284
=================
[2020-11-05 11:39:16] Текст ошибки: Call to a member function grep() on null | Файл: D:\DLMNT\OpenServer\OSPanel\domains\ishop2.loc\app\views\layouts\watches.php | Строка: 284
=================
[2020-11-05 11:39:20] Текст ошибки: Call to a member function grep() on null | Файл: D:\DLMNT\OpenServer\OSPanel\domains\ishop2.loc\app\views\layouts\watches.php | Строка: 284
=================
[2020-11-05 11:39:27] Текст ошибки: Call to a member function grep() on null | Файл: D:\DLMNT\OpenServer\OSPanel\domains\ishop2.loc\app\views\layouts\watches.php | Строка: 284
=================
[2020-11-05 11:44:19] Текст ошибки: Call to a member function grep() on null | Файл: D:\DLMNT\OpenServer\OSPanel\domains\ishop2.loc\app\views\layouts\watches.php | Строка: 284
=================
[2020-11-05 11:47:36] Текст ошибки: Call to a member function grep() on null | Файл: D:\DLMNT\OpenServer\OSPanel\domains\ishop2.loc\app\views\layouts\watches.php | Строка: 284
=================
[2020-11-05 11:47:58] Текст ошибки: Call to a member function grep() on null | Файл: D:\DLMNT\OpenServer\OSPanel\domains\ishop2.loc\app\views\layouts\watches.php | Строка: 284
=================
[2020-11-05 11:48:05] Текст ошибки: Call to a member function grep() on null | Файл: D:\DLMNT\OpenServer\OSPanel\domains\ishop2.loc\app\views\layouts\watches.php | Строка: 284
=================
[2020-11-05 11:52:42] Текст ошибки: Call to a member function grep() on null | Файл: D:\DLMNT\OpenServer\OSPanel\domains\ishop2.loc\app\views\layouts\watches.php | Строка: 284
=================
[2020-11-05 11:52:59] Текст ошибки: Call to a member function grep() on null | Файл: D:\DLMNT\OpenServer\OSPanel\domains\ishop2.loc\app\views\layouts\watches.php | Строка: 284
=================
[2020-11-05 11:53:11] Текст ошибки: Call to a member function grep() on null | Файл: D:\DLMNT\OpenServer\OSPanel\domains\ishop2.loc\app\views\layouts\watches.php | Строка: 284
=================
[2020-11-05 11:58:06] Текст ошибки: Call to a member function grep() on null | Файл: D:\DLMNT\OpenServer\OSPanel\domains\ishop2.loc\app\views\layouts\watches.php | Строка: 284
=================
[2020-11-05 12:00:12] Текст ошибки: Call to a member function grep() on null | Файл: D:\DLMNT\OpenServer\OSPanel\domains\ishop2.loc\app\views\layouts\watches.php | Строка: 284
=================
[2020-11-05 12:00:20] Текст ошибки: Call to a member function grep() on null | Файл: D:\DLMNT\OpenServer\OSPanel\domains\ishop2.loc\app\views\layouts\watches.php | Строка: 284
=================
[2020-11-05 12:03:04] Текст ошибки: Call to a member function grep() on null | Файл: D:\DLMNT\OpenServer\OSPanel\domains\ishop2.loc\app\views\layouts\watches.php | Строка: 284
=================
[2020-11-05 12:04:15] Текст ошибки: Call to a member function grep() on null | Файл: D:\DLMNT\OpenServer\OSPanel\domains\ishop2.loc\app\views\layouts\watches.php | Строка: 284
=================
[2020-11-05 12:04:28] Текст ошибки: Call to a member function grep() on null | Файл: D:\DLMNT\OpenServer\OSPanel\domains\ishop2.loc\app\views\layouts\watches.php | Строка: 284
=================
[2020-11-05 12:04:50] Текст ошибки: Call to a member function grep() on null | Файл: D:\DLMNT\OpenServer\OSPanel\domains\ishop2.loc\app\views\layouts\watches.php | Строка: 284
=================
[2020-11-05 12:04:57] Текст ошибки: Call to a member function grep() on null | Файл: D:\DLMNT\OpenServer\OSPanel\domains\ishop2.loc\app\views\layouts\watches.php | Строка: 284
=================
[2020-11-05 12:19:05] Текст ошибки: Call to a member function grep() on null | Файл: D:\DLMNT\OpenServer\OSPanel\domains\ishop2.loc\app\views\layouts\watches.php | Строка: 284
=================
[2020-11-05 12:19:32] Текст ошибки: Call to a member function grep() on null | Файл: D:\DLMNT\OpenServer\OSPanel\domains\ishop2.loc\app\views\layouts\watches.php | Строка: 284
=================
[2020-11-05 12:19:34] Текст ошибки: Call to a member function grep() on null | Файл: D:\DLMNT\OpenServer\OSPanel\domains\ishop2.loc\app\views\layouts\watches.php | Строка: 284
=================
[2020-11-05 12:24:06] Текст ошибки: Call to a member function grep() on null | Файл: D:\DLMNT\OpenServer\OSPanel\domains\ishop2.loc\app\views\layouts\watches.php | Строка: 284
=================
[2020-11-05 12:24:14] Текст ошибки: Call to a member function grep() on null | Файл: D:\DLMNT\OpenServer\OSPanel\domains\ishop2.loc\app\views\layouts\watches.php | Строка: 284
=================
[2020-11-05 12:27:00] Текст ошибки: Call to a member function grep() on null | Файл: D:\DLMNT\OpenServer\OSPanel\domains\ishop2.loc\app\views\layouts\watches.php | Строка: 284
=================
[2020-11-05 12:29:45] Текст ошибки: Call to a member function grep() on null | Файл: D:\DLMNT\OpenServer\OSPanel\domains\ishop2.loc\app\views\layouts\watches.php | Строка: 284
=================
[2020-11-05 12:30:24] Текст ошибки: Call to a member function grep() on null | Файл: D:\DLMNT\OpenServer\OSPanel\domains\ishop2.loc\app\views\layouts\watches.php | Строка: 284
=================
[2020-11-05 12:33:54] Текст ошибки: Call to a member function grep() on null | Файл: D:\DLMNT\OpenServer\OSPanel\domains\ishop2.loc\app\views\layouts\watches.php | Строка: 284
=================
[2020-11-05 12:36:46] Текст ошибки: Call to a member function grep() on null | Файл: D:\DLMNT\OpenServer\OSPanel\domains\ishop2.loc\app\views\layouts\watches.php | Строка: 284
=================
[2020-11-05 12:38:07] Текст ошибки: Call to a member function grep() on null | Файл: D:\DLMNT\OpenServer\OSPanel\domains\ishop2.loc\app\views\layouts\watches.php | Строка: 284
=================
[2020-11-05 12:39:26] Текст ошибки: Call to a member function grep() on null | Файл: D:\DLMNT\OpenServer\OSPanel\domains\ishop2.loc\app\views\layouts\watches.php | Строка: 284
=================
[2020-11-05 12:40:33] Текст ошибки: Call to a member function grep() on null | Файл: D:\DLMNT\OpenServer\OSPanel\domains\ishop2.loc\app\views\layouts\watches.php | Строка: 284
=================
[2020-11-05 12:43:02] Текст ошибки: Call to a member function grep() on null | Файл: D:\DLMNT\OpenServer\OSPanel\domains\ishop2.loc\app\views\layouts\watches.php | Строка: 284
=================
[2020-11-05 12:43:32] Текст ошибки: Call to a member function grep() on null | Файл: D:\DLMNT\OpenServer\OSPanel\domains\ishop2.loc\app\views\layouts\watches.php | Строка: 284
=================
[2020-11-05 12:44:02] Текст ошибки: Call to a member function grep() on null | Файл: D:\DLMNT\OpenServer\OSPanel\domains\ishop2.loc\app\views\layouts\watches.php | Строка: 284
=================
[2020-11-05 12:44:17] Текст ошибки: Call to a member function grep() on null | Файл: D:\DLMNT\OpenServer\OSPanel\domains\ishop2.loc\app\views\layouts\watches.php | Строка: 284
=================
[2020-11-05 12:46:20] Текст ошибки: Call to a member function grep() on null | Файл: D:\DLMNT\OpenServer\OSPanel\domains\ishop2.loc\app\views\layouts\watches.php | Строка: 284
=================
[2020-11-05 12:46:32] Текст ошибки: Call to a member function grep() on null | Файл: D:\DLMNT\OpenServer\OSPanel\domains\ishop2.loc\app\views\layouts\watches.php | Строка: 284
=================
[2020-11-05 12:46:48] Текст ошибки: Call to a member function grep() on null | Файл: D:\DLMNT\OpenServer\OSPanel\domains\ishop2.loc\app\views\layouts\watches.php | Строка: 284
=================
[2020-11-05 12:47:03] Текст ошибки: Call to a member function grep() on null | Файл: D:\DLMNT\OpenServer\OSPanel\domains\ishop2.loc\app\views\layouts\watches.php | Строка: 284
=================
[2020-11-05 12:48:04] Текст ошибки: Call to a member function grep() on null | Файл: D:\DLMNT\OpenServer\OSPanel\domains\ishop2.loc\app\views\layouts\watches.php | Строка: 284
=================
[2020-11-05 12:59:24] Текст ошибки: Call to a member function grep() on null | Файл: D:\DLMNT\OpenServer\OSPanel\domains\ishop2.loc\app\views\layouts\admin.php | Строка: 618
=================
[2020-11-05 13:06:06] Текст ошибки: Call to a member function grep() on null | Файл: D:\DLMNT\OpenServer\OSPanel\domains\ishop2.loc\app\views\layouts\admin.php | Строка: 618
=================
[2020-11-05 13:06:13] Текст ошибки: Call to a member function grep() on null | Файл: D:\DLMNT\OpenServer\OSPanel\domains\ishop2.loc\app\views\layouts\admin.php | Строка: 618
=================
[2020-11-05 13:06:18] Текст ошибки: Call to a member function grep() on null | Файл: D:\DLMNT\OpenServer\OSPanel\domains\ishop2.loc\app\views\layouts\watches.php | Строка: 284
=================
[2020-11-05 13:06:27] Текст ошибки: Call to a member function grep() on null | Файл: D:\DLMNT\OpenServer\OSPanel\domains\ishop2.loc\app\views\layouts\admin.php | Строка: 618
=================
[2020-11-05 13:06:36] Текст ошибки: Страница не найдена | Файл: D:\DLMNT\OpenServer\OSPanel\domains\ishop2.loc\vendor\ishop\core\Router.php | Строка: 43
=================
[2020-11-05 13:07:30] Текст ошибки: Call to a member function grep() on null | Файл: D:\DLMNT\OpenServer\OSPanel\domains\ishop2.loc\app\views\layouts\watches.php | Строка: 284
=================
[2020-11-05 13:31:21] Текст ошибки: Call to a member function grep() on null | Файл: D:\DLMNT\OpenServer\OSPanel\domains\ishop2.loc\app\views\layouts\watches.php | Строка: 284
=================
[2020-11-05 13:31:41] Текст ошибки: Call to a member function grep() on null | Файл: D:\DLMNT\OpenServer\OSPanel\domains\ishop2.loc\app\views\layouts\watches.php | Строка: 284
=================
[2020-11-05 13:31:54] Текст ошибки: Call to a member function grep() on null | Файл: D:\DLMNT\OpenServer\OSPanel\domains\ishop2.loc\app\views\layouts\watches.php | Строка: 284
=================
[2020-11-05 13:33:08] Текст ошибки: Call to a member function grep() on null | Файл: D:\DLMNT\OpenServer\OSPanel\domains\ishop2.loc\app\views\layouts\watches.php | Строка: 284
=================
[2020-11-05 13:33:42] Текст ошибки: Call to a member function grep() on null | Файл: D:\DLMNT\OpenServer\OSPanel\domains\ishop2.loc\app\views\layouts\watches.php | Строка: 284
=================
[2020-11-05 13:34:06] Текст ошибки: Call to a member function grep() on null | Файл: D:\DLMNT\OpenServer\OSPanel\domains\ishop2.loc\app\views\layouts\watches.php | Строка: 284
=================
[2020-11-05 13:37:14] Текст ошибки: Call to a member function grep() on null | Файл: D:\DLMNT\OpenServer\OSPanel\domains\ishop2.loc\app\views\layouts\watches.php | Строка: 284
=================
[2020-11-05 13:41:02] Текст ошибки: Страница не найдена | Файл: D:\DLMNT\OpenServer\OSPanel\domains\ishop2.loc\vendor\ishop\core\Router.php | Строка: 43
=================
[2020-11-05 13:48:41] Текст ошибки: Call to a member function grep() on null | Файл: D:\DLMNT\OpenServer\OSPanel\domains\ishop2.loc\app\views\layouts\watches.php | Строка: 284
=================
[2020-11-05 13:55:40] Текст ошибки: Call to a member function grep() on null | Файл: D:\DLMNT\OpenServer\OSPanel\domains\ishop2.loc\app\views\layouts\watches.php | Строка: 284
=================
[2020-11-05 13:58:29] Текст ошибки: Call to a member function grep() on null | Файл: D:\DLMNT\OpenServer\OSPanel\domains\ishop2.loc\app\views\layouts\watches.php | Строка: 284
=================
[2020-11-05 13:58:41] Текст ошибки: Страница не найдена | Файл: D:\DLMNT\OpenServer\OSPanel\domains\ishop2.loc\vendor\ishop\core\Router.php | Строка: 43
=================
[2020-11-05 14:00:21] Текст ошибки: Call to a member function grep() on null | Файл: D:\DLMNT\OpenServer\OSPanel\domains\ishop2.loc\app\views\layouts\watches.php | Строка: 284
=================
[2020-11-05 14:02:36] Текст ошибки: Call to a member function grep() on null | Файл: D:\DLMNT\OpenServer\OSPanel\domains\ishop2.loc\app\views\layouts\watches.php | Строка: 284
=================
[2020-11-05 14:02:39] Текст ошибки: Call to a member function grep() on null | Файл: D:\DLMNT\OpenServer\OSPanel\domains\ishop2.loc\app\views\layouts\watches.php | Строка: 284
=================
[2020-11-05 14:06:18] Текст ошибки: Call to a member function grep() on null | Файл: D:\DLMNT\OpenServer\OSPanel\domains\ishop2.loc\app\views\layouts\watches.php | Строка: 284
=================
[2020-11-05 14:07:18] Текст ошибки: Call to a member function grep() on null | Файл: D:\DLMNT\OpenServer\OSPanel\domains\ishop2.loc\app\views\layouts\watches.php | Строка: 284
=================
[2020-11-05 14:07:38] Текст ошибки: Call to a member function grep() on null | Файл: D:\DLMNT\OpenServer\OSPanel\domains\ishop2.loc\app\views\layouts\watches.php | Строка: 284
=================
[2020-11-05 14:10:06] Текст ошибки: Call to a member function grep() on null | Файл: D:\DLMNT\OpenServer\OSPanel\domains\ishop2.loc\app\views\layouts\watches.php | Строка: 284
=================
[2020-11-05 14:11:02] Текст ошибки: Call to a member function grep() on null | Файл: D:\DLMNT\OpenServer\OSPanel\domains\ishop2.loc\app\views\layouts\watches.php | Строка: 284
=================
[2020-11-05 14:11:23] Текст ошибки: Call to a member function grep() on null | Файл: D:\DLMNT\OpenServer\OSPanel\domains\ishop2.loc\app\views\layouts\watches.php | Строка: 284
=================
[2020-11-05 14:11:59] Текст ошибки: Call to a member function grep() on null | Файл: D:\DLMNT\OpenServer\OSPanel\domains\ishop2.loc\app\views\layouts\watches.php | Строка: 284
=================
[2020-11-05 14:12:26] Текст ошибки: Call to a member function grep() on null | Файл: D:\DLMNT\OpenServer\OSPanel\domains\ishop2.loc\app\views\layouts\watches.php | Строка: 284
=================
[2020-11-05 14:12:44] Текст ошибки: Call to a member function grep() on null | Файл: D:\DLMNT\OpenServer\OSPanel\domains\ishop2.loc\app\views\layouts\watches.php | Строка: 284
=================
[2020-11-05 14:13:16] Текст ошибки: Call to a member function grep() on null | Файл: D:\DLMNT\OpenServer\OSPanel\domains\ishop2.loc\app\views\layouts\watches.php | Строка: 284
=================
[2020-11-05 14:13:26] Текст ошибки: Call to a member function grep() on null | Файл: D:\DLMNT\OpenServer\OSPanel\domains\ishop2.loc\app\views\layouts\watches.php | Строка: 284
=================
[2020-11-05 14:13:43] Текст ошибки: Call to a member function grep() on null | Файл: D:\DLMNT\OpenServer\OSPanel\domains\ishop2.loc\app\views\layouts\watches.php | Строка: 284
=================
[2020-11-05 14:13:51] Текст ошибки: Call to a member function grep() on null | Файл: D:\DLMNT\OpenServer\OSPanel\domains\ishop2.loc\app\views\layouts\watches.php | Строка: 284
=================
[2020-11-05 14:13:59] Текст ошибки: Call to a member function grep() on null | Файл: D:\DLMNT\OpenServer\OSPanel\domains\ishop2.loc\app\views\layouts\watches.php | Строка: 284
=================
[2020-11-05 14:14:29] Текст ошибки: Call to a member function grep() on null | Файл: D:\DLMNT\OpenServer\OSPanel\domains\ishop2.loc\app\views\layouts\watches.php | Строка: 284
=================
[2020-11-05 14:14:53] Текст ошибки: Call to a member function grep() on null | Файл: D:\DLMNT\OpenServer\OSPanel\domains\ishop2.loc\app\views\layouts\watches.php | Строка: 284
=================
[2020-11-05 14:15:52] Текст ошибки: Call to a member function grep() on null | Файл: D:\DLMNT\OpenServer\OSPanel\domains\ishop2.loc\app\views\layouts\watches.php | Строка: 284
=================
[2020-11-05 17:37:28] Текст ошибки: Call to a member function grep() on null | Файл: D:\DLMNT\OpenServer\OSPanel\domains\ishop2.loc\app\views\layouts\watches.php | Строка: 284
=================
[2020-11-05 17:39:10] Текст ошибки: Call to a member function grep() on null | Файл: D:\DLMNT\OpenServer\OSPanel\domains\ishop2.loc\app\views\layouts\watches.php | Строка: 284
=================
[2020-11-05 17:39:33] Текст ошибки: Call to a member function grep() on null | Файл: D:\DLMNT\OpenServer\OSPanel\domains\ishop2.loc\app\views\layouts\watches.php | Строка: 284
=================
[2020-11-05 17:40:14] Текст ошибки: Call to a member function grep() on null | Файл: D:\DLMNT\OpenServer\OSPanel\domains\ishop2.loc\app\views\layouts\watches.php | Строка: 284
=================
[2020-11-05 17:40:54] Текст ошибки: Call to a member function grep() on null | Файл: D:\DLMNT\OpenServer\OSPanel\domains\ishop2.loc\app\views\layouts\watches.php | Строка: 284
=================
[2020-11-05 17:41:14] Текст ошибки: Call to a member function grep() on null | Файл: D:\DLMNT\OpenServer\OSPanel\domains\ishop2.loc\app\views\layouts\watches.php | Строка: 284
=================
[2020-11-05 17:44:22] Текст ошибки: Call to a member function grep() on null | Файл: D:\DLMNT\OpenServer\OSPanel\domains\ishop2.loc\app\views\layouts\watches.php | Строка: 284
=================
[2020-11-05 17:44:40] Текст ошибки: Call to a member function grep() on null | Файл: D:\DLMNT\OpenServer\OSPanel\domains\ishop2.loc\app\views\layouts\watches.php | Строка: 284
=================
[2020-11-05 17:45:28] Текст ошибки: Страница не найдена | Файл: D:\DLMNT\OpenServer\OSPanel\domains\ishop2.loc\vendor\ishop\core\Router.php | Строка: 43
=================
[2020-11-05 17:45:28] Текст ошибки: Страница не найдена | Файл: D:\DLMNT\OpenServer\OSPanel\domains\ishop2.loc\vendor\ishop\core\Router.php | Строка: 43
=================
[2020-11-05 17:47:27] Текст ошибки: Страница не найдена | Файл: D:\DLMNT\OpenServer\OSPanel\domains\ishop2.loc\vendor\ishop\core\Router.php | Строка: 43
=================
[2020-11-05 17:47:42] Текст ошибки: Страница не найдена | Файл: D:\DLMNT\OpenServer\OSPanel\domains\ishop2.loc\vendor\ishop\core\Router.php | Строка: 43
=================
[2020-11-05 17:49:07] Текст ошибки: Call to a member function grep() on null | Файл: D:\DLMNT\OpenServer\OSPanel\domains\ishop2.loc\app\views\layouts\watches.php | Строка: 284
=================
[2020-11-05 17:50:11] Текст ошибки: Call to a member function grep() on null | Файл: D:\DLMNT\OpenServer\OSPanel\domains\ishop2.loc\app\views\layouts\watches.php | Строка: 284
=================
[2020-11-05 17:57:27] Текст ошибки: Call to a member function grep() on null | Файл: D:\DLMNT\OpenServer\OSPanel\domains\ishop2.loc\app\views\layouts\watches.php | Строка: 292
=================
[2020-11-05 18:03:49] Текст ошибки: Call to a member function grep() on null | Файл: D:\DLMNT\OpenServer\OSPanel\domains\ishop2.loc\app\views\layouts\watches.php | Строка: 292
=================
[2020-11-05 18:06:30] Текст ошибки: Call to a member function grep() on null | Файл: D:\DLMNT\OpenServer\OSPanel\domains\ishop2.loc\app\views\layouts\watches.php | Строка: 293
=================
[2020-11-05 18:07:14] Текст ошибки: Call to a member function grep() on null | Файл: D:\DLMNT\OpenServer\OSPanel\domains\ishop2.loc\app\views\layouts\watches.php | Строка: 293
=================
[2020-11-05 18:08:26] Текст ошибки: Call to a member function grep() on null | Файл: D:\DLMNT\OpenServer\OSPanel\domains\ishop2.loc\app\views\layouts\watches.php | Строка: 294
=================
[2020-11-05 18:14:45] Текст ошибки: Call to a member function grep() on null | Файл: D:\DLMNT\OpenServer\OSPanel\domains\ishop2.loc\app\views\layouts\watches.php | Строка: 294
=================
[2020-11-05 18:37:19] Текст ошибки: Call to a member function grep() on null | Файл: D:\DLMNT\OpenServer\OSPanel\domains\ishop2.loc\app\views\layouts\watches.php | Строка: 294
=================
[2020-11-05 18:37:36] Текст ошибки: Call to a member function grep() on null | Файл: D:\DLMNT\OpenServer\OSPanel\domains\ishop2.loc\app\views\layouts\watches.php | Строка: 294
=================
[2020-11-05 18:37:45] Текст ошибки: Call to a member function grep() on null | Файл: D:\DLMNT\OpenServer\OSPanel\domains\ishop2.loc\app\views\layouts\watches.php | Строка: 294
=================
[2020-11-05 18:38:19] Текст ошибки: Call to a member function grep() on null | Файл: D:\DLMNT\OpenServer\OSPanel\domains\ishop2.loc\app\views\layouts\watches.php | Строка: 294
=================
[2020-11-05 18:38:19] Текст ошибки: Страница не найдена | Файл: D:\DLMNT\OpenServer\OSPanel\domains\ishop2.loc\vendor\ishop\core\Router.php | Строка: 43
=================
[2020-11-05 18:39:55] Текст ошибки: Call to a member function grep() on null | Файл: D:\DLMNT\OpenServer\OSPanel\domains\ishop2.loc\app\views\layouts\watches.php | Строка: 294
=================
[2020-11-05 18:40:22] Текст ошибки: Call to a member function grep() on null | Файл: D:\DLMNT\OpenServer\OSPanel\domains\ishop2.loc\app\views\layouts\watches.php | Строка: 294
=================
[2020-11-05 18:41:29] Текст ошибки: Call to a member function grep() on null | Файл: D:\DLMNT\OpenServer\OSPanel\domains\ishop2.loc\app\views\layouts\watches.php | Строка: 294
=================
[2020-11-05 18:41:32] Текст ошибки: Call to a member function grep() on null | Файл: D:\DLMNT\OpenServer\OSPanel\domains\ishop2.loc\app\views\layouts\watches.php | Строка: 294
=================
[2020-11-05 18:41:38] Текст ошибки: Call to a member function grep() on null | Файл: D:\DLMNT\OpenServer\OSPanel\domains\ishop2.loc\app\views\layouts\watches.php | Строка: 294
=================
[2020-11-05 18:41:49] Текст ошибки: Call to a member function grep() on null | Файл: D:\DLMNT\OpenServer\OSPanel\domains\ishop2.loc\app\views\layouts\watches.php | Строка: 294
=================
[2020-11-05 18:41:50] Текст ошибки: Call to a member function grep() on null | Файл: D:\DLMNT\OpenServer\OSPanel\domains\ishop2.loc\app\views\layouts\watches.php | Строка: 294
=================
[2020-11-05 18:41:52] Текст ошибки: Call to a member function grep() on null | Файл: D:\DLMNT\OpenServer\OSPanel\domains\ishop2.loc\app\views\layouts\watches.php | Строка: 294
=================
[2020-11-05 18:42:49] Текст ошибки: Call to a member function grep() on null | Файл: D:\DLMNT\OpenServer\OSPanel\domains\ishop2.loc\app\views\layouts\watches.php | Строка: 294
=================
[2020-11-05 18:44:18] Текст ошибки: Call to a member function grep() on null | Файл: D:\DLMNT\OpenServer\OSPanel\domains\ishop2.loc\app\views\layouts\watches.php | Строка: 297
=================
[2020-11-05 18:45:16] Текст ошибки: Call to a member function grep() on null | Файл: D:\DLMNT\OpenServer\OSPanel\domains\ishop2.loc\app\views\layouts\watches.php | Строка: 297
=================
[2020-11-05 18:45:18] Текст ошибки: Call to a member function grep() on null | Файл: D:\DLMNT\OpenServer\OSPanel\domains\ishop2.loc\app\views\layouts\watches.php | Строка: 297
=================
[2020-11-05 18:46:13] Текст ошибки: Call to a member function grep() on null | Файл: D:\DLMNT\OpenServer\OSPanel\domains\ishop2.loc\app\views\layouts\watches.php | Строка: 297
=================
[2020-11-05 18:47:20] Текст ошибки: Call to a member function grep() on null | Файл: D:\DLMNT\OpenServer\OSPanel\domains\ishop2.loc\app\views\layouts\watches.php | Строка: 297
=================
[2020-11-05 19:01:02] Текст ошибки: Call to a member function grep() on null | Файл: D:\DLMNT\OpenServer\OSPanel\domains\ishop2.loc\app\views\layouts\watches.php | Строка: 296
=================
[2020-11-05 19:04:58] Текст ошибки: Call to a member function grep() on null | Файл: D:\DLMNT\OpenServer\OSPanel\domains\ishop2.loc\app\views\layouts\watches.php | Строка: 301
=================
[2020-11-05 19:05:14] Текст ошибки: Call to a member function grep() on null | Файл: D:\DLMNT\OpenServer\OSPanel\domains\ishop2.loc\app\views\layouts\watches.php | Строка: 301
=================
[2020-11-05 19:05:44] Текст ошибки: Call to a member function grep() on null | Файл: D:\DLMNT\OpenServer\OSPanel\domains\ishop2.loc\app\views\layouts\watches.php | Строка: 301
=================
[2020-11-05 19:06:37] Текст ошибки: Call to a member function grep() on null | Файл: D:\DLMNT\OpenServer\OSPanel\domains\ishop2.loc\app\views\layouts\watches.php | Строка: 301
=================
[2020-11-05 19:07:03] Текст ошибки: Call to a member function grep() on null | Файл: D:\DLMNT\OpenServer\OSPanel\domains\ishop2.loc\app\views\layouts\watches.php | Строка: 301
=================
[2020-11-05 19:07:09] Текст ошибки: Call to a member function grep() on null | Файл: D:\DLMNT\OpenServer\OSPanel\domains\ishop2.loc\app\views\layouts\watches.php | Строка: 301
=================
[2020-11-05 19:07:30] Текст ошибки: Call to a member function grep() on null | Файл: D:\DLMNT\OpenServer\OSPanel\domains\ishop2.loc\app\views\layouts\watches.php | Строка: 301
=================
[2020-11-05 19:07:56] Текст ошибки: Call to a member function grep() on null | Файл: D:\DLMNT\OpenServer\OSPanel\domains\ishop2.loc\app\views\layouts\watches.php | Строка: 301
=================
[2020-11-05 19:08:46] Текст ошибки: Call to a member function grep() on null | Файл: D:\DLMNT\OpenServer\OSPanel\domains\ishop2.loc\app\views\layouts\watches.php | Строка: 301
=================
[2020-11-05 19:09:06] Текст ошибки: Call to a member function grep() on null | Файл: D:\DLMNT\OpenServer\OSPanel\domains\ishop2.loc\app\views\layouts\watches.php | Строка: 301
=================
[2020-11-05 19:09:24] Текст ошибки: Call to a member function grep() on null | Файл: D:\DLMNT\OpenServer\OSPanel\domains\ishop2.loc\app\views\layouts\watches.php | Строка: 301
=================
[2020-11-05 19:09:34] Текст ошибки: Call to a member function grep() on null | Файл: D:\DLMNT\OpenServer\OSPanel\domains\ishop2.loc\app\views\layouts\watches.php | Строка: 301
=================
[2020-11-05 19:09:40] Текст ошибки: Call to a member function grep() on null | Файл: D:\DLMNT\OpenServer\OSPanel\domains\ishop2.loc\app\views\layouts\watches.php | Строка: 301
=================
[2020-11-05 20:12:53] Текст ошибки: Call to a member function grep() on null | Файл: D:\DLMNT\OpenServer\OSPanel\domains\ishop2.loc\app\views\layouts\watches.php | Строка: 301
=================
[2020-11-05 20:13:00] Текст ошибки: Call to a member function grep() on null | Файл: D:\DLMNT\OpenServer\OSPanel\domains\ishop2.loc\app\views\layouts\watches.php | Строка: 301
=================
[2020-11-05 20:24:41] Текст ошибки: Call to a member function grep() on null | Файл: D:\DLMNT\OpenServer\OSPanel\domains\ishop2.loc\app\views\layouts\watches.php | Строка: 301
=================
[2020-11-05 20:25:59] Текст ошибки: Call to a member function grep() on null | Файл: D:\DLMNT\OpenServer\OSPanel\domains\ishop2.loc\app\views\layouts\admin.php | Строка: 618
=================
[2020-11-05 20:26:08] Текст ошибки: Call to a member function grep() on null | Файл: D:\DLMNT\OpenServer\OSPanel\domains\ishop2.loc\app\views\layouts\watches.php | Строка: 301
=================
[2020-11-05 20:27:22] Текст ошибки: Call to a member function grep() on null | Файл: D:\DLMNT\OpenServer\OSPanel\domains\ishop2.loc\app\views\layouts\watches.php | Строка: 301
=================
[2020-11-05 20:27:27] Текст ошибки: Call to a member function grep() on null | Файл: D:\DLMNT\OpenServer\OSPanel\domains\ishop2.loc\app\views\layouts\watches.php | Строка: 301
=================
[2020-11-05 20:27:35] Текст ошибки: Call to a member function grep() on null | Файл: D:\DLMNT\OpenServer\OSPanel\domains\ishop2.loc\app\views\layouts\watches.php | Строка: 301
=================
[2020-11-05 20:27:44] Текст ошибки: Call to a member function grep() on null | Файл: D:\DLMNT\OpenServer\OSPanel\domains\ishop2.loc\app\views\layouts\watches.php | Строка: 301
=================
